<?xml version="1.0" encoding="UTF-8"?>
<testsuite xmlns:xsi="http://www.w3.org/2001/XMLSchema-instance" xsi:noNamespaceSchemaLocation="https://maven.apache.org/surefire/maven-surefire-plugin/xsd/surefire-test-report.xsd" version="3.0.2" name="com.example.stats_service.StatsServiceApplicationTests" time="3.559" tests="1" errors="0" skipped="0" failures="0">
  <properties>
[...]
</properties>
  <testcase name="contextLoads" classname="com.example.stats_service.StatsServiceApplicationTests" time="0.258">
    <system-out><![CDATA[18:36:09.926 [main] INFO org.springframework.test.context.support.AnnotationConfigContextLoaderUtils -- Could not detect default configuration classes for test class [com.example.stats_service.StatsServiceApplicationTests]: StatsServiceApplicationTests does not declare any static, non-private, non-final, nested classes annotated with @Configuration.
18:36:09.999 [main] INFO org.springframework.boot.test.context.SpringBootTestContextBootstrapper -- Found @SpringBootConfiguration com.example.stats_service.StatsServiceApplication for test class com.example.stats_service.StatsServiceApplicationTests

  .   ____          _            __ _ _
 /\\ / ___'_ __ _ _(_)_ __  __ _ \ \ \ \
( ( )\___ | '_ | '_| | '_ \/ _` | \ \ \ \
 \\/  ___)| |_)| | | | | || (_| |  ) ) ) )
  '  |____| .__|_| |_|_| |_\__, | / / / /
 =========|_|==============|___/=/_/_/_/

 :: Spring Boot ::                (v4.0.2)

2026-02-11T18:36:10.266-03:00  INFO 95650 --- [stats-service] [           main] c.e.s.StatsServiceApplicationTests       : Starting StatsServiceApplicationTests using Java 17.0.18 with PID 95650 (started by danielarenhart in /Users/danielarenhart/repos/mutant/stats-service)
2026-02-11T18:36:10.267-03:00  INFO 95650 --- [stats-service] [           main] c.e.s.StatsServiceApplicationTests       : No active profile set, falling back to 1 default profile: "default"
2026-02-11T18:36:10.669-03:00  INFO 95650 --- [stats-service] [           main] .s.d.r.c.RepositoryConfigurationDelegate : Multiple Spring Data modules found, entering strict repository configuration mode
2026-02-11T18:36:10.670-03:00  INFO 95650 --- [stats-service] [           main] .s.d.r.c.RepositoryConfigurationDelegate : Bootstrapping Spring Data JPA repositories in DEFAULT mode.
2026-02-11T18:36:10.761-03:00  INFO 95650 --- [stats-service] [           main] .s.d.r.c.RepositoryConfigurationDelegate : Finished Spring Data repository scanning in 84 ms. Found 1 JPA repository interface.
2026-02-11T18:36:10.774-03:00  INFO 95650 --- [stats-service] [           main] .s.d.r.c.RepositoryConfigurationDelegate : Multiple Spring Data modules found, entering strict repository configuration mode
2026-02-11T18:36:10.775-03:00  INFO 95650 --- [stats-service] [           main] .s.d.r.c.RepositoryConfigurationDelegate : Bootstrapping Spring Data Redis repositories in DEFAULT mode.
2026-02-11T18:36:10.785-03:00  INFO 95650 --- [stats-service] [           main] .RepositoryConfigurationExtensionSupport : Spring Data Redis - Could not safely identify store assignment for repository candidate interface com.example.stats_service.repository.DnaStatsRepository; If you want this repository to be a Redis repository, consider annotating your entities with one of these annotations: org.springframework.data.redis.core.RedisHash (preferred), or consider extending one of the following types with your repository: org.springframework.data.keyvalue.repository.KeyValueRepository
2026-02-11T18:36:10.785-03:00  INFO 95650 --- [stats-service] [           main] .s.d.r.c.RepositoryConfigurationDelegate : Finished Spring Data repository scanning in 2 ms. Found 0 Redis repository interfaces.
2026-02-11T18:36:11.037-03:00  INFO 95650 --- [stats-service] [           main] org.hibernate.orm.jpa                    : HHH008540: Processing PersistenceUnitInfo [name: default]
2026-02-11T18:36:11.078-03:00  INFO 95650 --- [stats-service] [           main] org.hibernate.orm.core                   : HHH000001: Hibernate ORM core version 7.2.1.Final
2026-02-11T18:36:11.357-03:00  INFO 95650 --- [stats-service] [           main] o.s.o.j.p.SpringPersistenceUnitInfo      : No LoadTimeWeaver setup: ignoring JPA class transformer
2026-02-11T18:36:11.382-03:00  INFO 95650 --- [stats-service] [           main] com.zaxxer.hikari.HikariDataSource       : HikariPool-1 - Starting...
2026-02-11T18:36:11.652-03:00  INFO 95650 --- [stats-service] [           main] com.zaxxer.hikari.pool.HikariPool        : HikariPool-1 - Added connection conn1: url=jdbc:h2:file:/tmp/dnadb user=SA
2026-02-11T18:36:11.653-03:00  INFO 95650 --- [stats-service] [           main] com.zaxxer.hikari.HikariDataSource       : HikariPool-1 - Start completed.
2026-02-11T18:36:11.670-03:00  WARN 95650 --- [stats-service] [           main] org.hibernate.orm.deprecation            : HHH90000025: H2Dialect does not need to be specified explicitly using 'hibernate.dialect' (remove the property setting and it will be selected by default)
2026-02-11T18:36:11.682-03:00  INFO 95650 --- [stats-service] [           main] org.hibernate.orm.connections.pooling    : HHH10001005: Database info:
	Database JDBC URL [jdbc:h2:file:/tmp/dnadb]
	Database driver: H2 JDBC Driver
	Database dialect: H2Dialect
	Database version: 2.4.240
	Default catalog/schema: DNADB/PUBLIC
	Autocommit mode: undefined/unknown
	Isolation level: READ_COMMITTED [default READ_COMMITTED]
	JDBC fetch size: 100
	Pool: DataSourceConnectionProvider
	Minimum pool size: undefined/unknown
	Maximum pool size: undefined/unknown
2026-02-11T18:36:12.366-03:00  INFO 95650 --- [stats-service] [           main] org.hibernate.orm.core                   : HHH000489: No JTA platform available (set 'hibernate.transaction.jta.platform' to enable JTA platform integration)
2026-02-11T18:36:12.404-03:00  INFO 95650 --- [stats-service] [           main] j.LocalContainerEntityManagerFactoryBean : Initialized JPA EntityManagerFactory for persistence unit 'default'
2026-02-11T18:36:12.466-03:00  INFO 95650 --- [stats-service] [           main] o.s.d.j.r.query.QueryEnhancerFactories   : Hibernate is in classpath; If applicable, HQL parser will be used.
2026-02-11T18:36:12.586-03:00  WARN 95650 --- [stats-service] [           main] i.n.r.d.DnsServerAddressStreamProviders  : Can not find io.netty.resolver.dns.macos.MacOSDnsServerAddressStreamProvider in the classpath, fallback to system defaults. This may result in incorrect DNS resolutions on MacOS. Check whether you have a dependency on 'io.netty:netty-resolver-dns-native-macos'
2026-02-11T18:36:12.774-03:00  WARN 95650 --- [stats-service] [           main] JpaBaseConfiguration$JpaWebConfiguration : spring.jpa.open-in-view is enabled by default. Therefore, database queries may be performed during view rendering. Explicitly configure spring.jpa.open-in-view to disable this warning
2026-02-11T18:36:13.079-03:00  INFO 95650 --- [stats-service] [           main] c.e.s.StatsServiceApplicationTests       : Started StatsServiceApplicationTests in 2.976 seconds (process running for 3.742)
]]></system-out>
  </testcase>
</testsuite>